*** Using Compiler 'V5.06 update 5 (build 528)', folder: 'G:\Keil5\ARM\ARMCC\Bin'
Build target 'Target 1'
compiling app.c...
User\app.h(9): warning:  #1-D: last line of file ends without a newline
  #endif
.\Hardware\MPU6050.h(11): warning:  #1-D: last line of file ends without a newline
  #endif
User\motion_detect.h(25): warning:  #1-D: last line of file ends without a newline
  #endif
User\blackbox_log.h(25): warning:  #1-D: last line of file ends without a newline
  #endif
User\ui.h(11): warning:  #1-D: last line of file ends without a newline
  #endif
User\alarm.h(9): warning:  #1-D: last line of file ends without a newline
  #endif
.\Hardware\W25QXX.h(12): warning:  #1-D: last line of file ends without a newline
  #endif
.\Hardware\serial.h(11): warning:  #1-D: last line of file ends without a newline
  #endif
User\app.c(150): warning:  #1-D: last line of file ends without a newline
  }
User\app.c: 9 warnings, 0 errors
linking...
Program Size: Code=9438 RO-data=1790 RW-data=52 ZI-data=1644  
".\Objects\Project.axf" - 0 Error(s), 9 Warning(s).
Build Time Elapsed:  00:00:00
